<?xml version="1.0" encoding="UTF-8"?>
<!-- Generated by org.testng.reporters.JUnitReportReporter -->
<testsuite hostname="LTIN296931" failures="0" tests="1" name="TestCase.Test_TravelInsurance" time="67.507" errors="0" timestamp="2024-04-07T10:33:24 IST" skipped="0">
  <testcase classname="TestCase.Test_TravelInsurance" name="travel" time="67.507"/>
  <system-out/>
</testsuite> <!-- TestCase.Test_TravelInsurance -->
