<?xml version="1.0" encoding="UTF-8"?>
<!-- Generated by org.testng.reporters.JUnitReportReporter -->
<testsuite hostname="LTIN296695" failures="0" tests="1" name="TestCase.Test_CarInsurance" time="11.728" errors="0" timestamp="2024-04-04T10:25:58 IST" skipped="0">
  <testcase classname="TestCase.Test_CarInsurance" name="car" time="11.728"/>
  <system-out/>
</testsuite> <!-- TestCase.Test_CarInsurance -->
